2026-05-29 08:56:24 [restartedMain] INFO  c.g.payroll.PayrollErpApplication - Starting PayrollErpApplication using Java 21.0.10 with PID 63900 (/home/r-yvan/Templates/java/spring-boot-2025/target/classes started by r-yvan in /home/r-yvan/Templates/java/spring-boot-2025)
2026-05-29 08:56:24 [restartedMain] DEBUG c.g.payroll.PayrollErpApplication - Running with Spring Boot v3.3.0, Spring v6.1.8
2026-05-29 08:56:24 [restartedMain] INFO  c.g.payroll.PayrollErpApplication - No active profile set, falling back to 1 default profile: "default"
2026-05-29 08:56:24 [restartedMain] INFO  o.s.b.d.e.DevToolsPropertyDefaultsPostProcessor - Devtools property defaults active! Set 'spring.devtools.add-properties' to 'false' to disable
2026-05-29 08:56:24 [restartedMain] INFO  o.s.b.d.e.DevToolsPropertyDefaultsPostProcessor - For additional web related logging consider setting the 'logging.level.web' property to 'DEBUG'
2026-05-29 08:56:24 [restartedMain] INFO  o.s.d.r.c.RepositoryConfigurationDelegate - Bootstrapping Spring Data JPA repositories in DEFAULT mode.
2026-05-29 08:56:24 [restartedMain] INFO  o.s.d.r.c.RepositoryConfigurationDelegate - Finished Spring Data repository scanning in 29 ms. Found 8 JPA repository interfaces.
2026-05-29 08:56:25 [restartedMain] INFO  o.s.b.w.e.tomcat.TomcatWebServer - Tomcat initialized with port 8080 (http)
2026-05-29 08:56:25 [restartedMain] INFO  o.a.catalina.core.StandardService - Starting service [Tomcat]
2026-05-29 08:56:25 [restartedMain] INFO  o.a.catalina.core.StandardEngine - Starting Servlet engine: [Apache Tomcat/10.1.24]
2026-05-29 08:56:25 [restartedMain] INFO  o.a.c.c.C.[Tomcat].[localhost].[/] - Initializing Spring embedded WebApplicationContext
2026-05-29 08:56:25 [restartedMain] INFO  o.s.b.w.s.c.ServletWebServerApplicationContext - Root WebApplicationContext: initialization completed in 1134 ms
2026-05-29 08:56:25 [restartedMain] INFO  com.zaxxer.hikari.HikariDataSource - HikariPool-1 - Starting...
2026-05-29 08:56:25 [restartedMain] INFO  com.zaxxer.hikari.pool.HikariPool - HikariPool-1 - Added connection org.postgresql.jdbc.PgConnection@246341af
2026-05-29 08:56:25 [restartedMain] INFO  com.zaxxer.hikari.HikariDataSource - HikariPool-1 - Start completed.
2026-05-29 08:56:25 [restartedMain] INFO  o.h.jpa.internal.util.LogHelper - HHH000204: Processing PersistenceUnitInfo [name: default]
2026-05-29 08:56:25 [restartedMain] INFO  org.hibernate.Version - HHH000412: Hibernate ORM core version 6.5.2.Final
2026-05-29 08:56:25 [restartedMain] INFO  o.h.c.i.RegionFactoryInitiator - HHH000026: Second-level cache disabled
2026-05-29 08:56:26 [restartedMain] INFO  o.s.o.j.p.SpringPersistenceUnitInfo - No LoadTimeWeaver setup: ignoring JPA class transformer
2026-05-29 08:56:26 [restartedMain] WARN  org.hibernate.orm.deprecation - HHH90000025: PostgreSQLDialect does not need to be specified explicitly using 'hibernate.dialect' (remove the property setting and it will be selected by default)
2026-05-29 08:56:27 [restartedMain] INFO  o.h.e.t.j.p.i.JtaPlatformInitiator - HHH000489: No JTA platform available (set 'hibernate.transaction.jta.platform' to enable JTA platform integration)
2026-05-29 08:56:27 [restartedMain] DEBUG org.hibernate.SQL - 
    create table deductions (
        id bigint generated by default as identity,
        created_at timestamp(6) not null,
        deleted boolean not null,
        updated_at timestamp(6),
        deduction_name varchar(100) not null,
        description varchar(255),
        is_active boolean not null,
        percentage numeric(5,2) not null,
        primary key (id)
    )
2026-05-29 08:56:27 [restartedMain] DEBUG org.hibernate.SQL - 
    create table employees (
        id bigint generated by default as identity,
        created_at timestamp(6) not null,
        deleted boolean not null,
        updated_at timestamp(6),
        date_of_birth date,
        district varchar(100),
        email varchar(100) not null,
        employee_code varchar(50) not null,
        first_name varchar(100) not null,
        joining_date date not null,
        last_name varchar(100) not null,
        mobile varchar(20),
        status varchar(20) not null check (status in ('ACTIVE','INACTIVE','SUSPENDED','TERMINATED')),
        user_id bigint,
        primary key (id)
    )
2026-05-29 08:56:27 [restartedMain] DEBUG org.hibernate.SQL - 
    create table employments (
        id bigint generated by default as identity,
        created_at timestamp(6) not null,
        deleted boolean not null,
        updated_at timestamp(6),
        base_salary numeric(15,2) not null,
        department varchar(100) not null,
        position varchar(100) not null,
        employee_id bigint not null,
        primary key (id)
    )
2026-05-29 08:56:27 [restartedMain] DEBUG org.hibernate.SQL - 
    create table messages (
        id bigint generated by default as identity,
        created_at timestamp(6) not null,
        deleted boolean not null,
        updated_at timestamp(6),
        is_read boolean not null,
        message TEXT not null,
        month integer not null,
        year integer not null,
        employee_id bigint not null,
        primary key (id)
    )
2026-05-29 08:56:27 [restartedMain] DEBUG org.hibernate.SQL - 
    create table payrolls (
        id bigint generated by default as identity,
        created_at timestamp(6) not null,
        deleted boolean not null,
        updated_at timestamp(6),
        approved_by varchar(255),
        approved_date date,
        month integer not null,
        processed_date date not null,
        remarks varchar(255),
        status varchar(20) not null check (status in ('PENDING','APPROVED','REJECTED','PAID')),
        year integer not null,
        primary key (id)
    )
2026-05-29 08:56:27 [restartedMain] DEBUG org.hibernate.SQL - 
    create table payslips (
        id bigint generated by default as identity,
        created_at timestamp(6) not null,
        deleted boolean not null,
        updated_at timestamp(6),
        base_salary numeric(15,2) not null,
        employee_tax numeric(15,2) not null,
        gross_salary numeric(15,2) not null,
        house_amount numeric(15,2) not null,
        medical_insurance numeric(15,2) not null,
        net_salary numeric(15,2) not null,
        others numeric(15,2) not null,
        payment_status varchar(20) not null check (payment_status in ('PENDING','PAID','FAILED')),
        pension numeric(15,2) not null,
        total_deductions numeric(15,2) not null,
        transport_amount numeric(15,2) not null,
        employee_id bigint not null,
        payroll_id bigint not null,
        primary key (id)
    )
2026-05-29 08:56:27 [restartedMain] DEBUG org.hibernate.SQL - 
    create table roles (
        id bigint generated by default as identity,
        created_at timestamp(6) not null,
        deleted boolean not null,
        updated_at timestamp(6),
        description varchar(255),
        name varchar(50) not null check (name in ('ROLE_ADMIN','ROLE_MANAGER','ROLE_EMPLOYEE')),
        primary key (id)
    )
2026-05-29 08:56:27 [restartedMain] DEBUG org.hibernate.SQL - 
    create table user_roles (
        user_id bigint not null,
        role_id bigint not null,
        primary key (user_id, role_id)
    )
2026-05-29 08:56:27 [restartedMain] DEBUG org.hibernate.SQL - 
    create table users (
        id bigint generated by default as identity,
        created_at timestamp(6) not null,
        deleted boolean not null,
        updated_at timestamp(6),
        email varchar(100) not null,
        enabled boolean not null,
        password varchar(255) not null,
        primary key (id)
    )
2026-05-29 08:56:27 [restartedMain] DEBUG org.hibernate.SQL - 
    create index idx_deduction_name 
       on deductions (deduction_name)
2026-05-29 08:56:27 [restartedMain] DEBUG org.hibernate.SQL - 
    alter table if exists deductions 
       drop constraint if exists UK2nkwevgjfin5vjs2792dsmw4m
2026-05-29 08:56:27 [restartedMain] WARN  o.h.e.jdbc.spi.SqlExceptionHelper - SQL Warning Code: 0, SQLState: 00000
2026-05-29 08:56:27 [restartedMain] WARN  o.h.e.jdbc.spi.SqlExceptionHelper - constraint "uk2nkwevgjfin5vjs2792dsmw4m" of relation "deductions" does not exist, skipping
2026-05-29 08:56:27 [restartedMain] DEBUG org.hibernate.SQL - 
    alter table if exists deductions 
       add constraint UK2nkwevgjfin5vjs2792dsmw4m unique (deduction_name)
2026-05-29 08:56:27 [restartedMain] DEBUG org.hibernate.SQL - 
    create index idx_employee_code 
       on employees (employee_code)
2026-05-29 08:56:27 [restartedMain] DEBUG org.hibernate.SQL - 
    create index idx_employee_email 
       on employees (email)
2026-05-29 08:56:27 [restartedMain] DEBUG org.hibernate.SQL - 
    create index idx_employee_status 
       on employees (status)
2026-05-29 08:56:27 [restartedMain] DEBUG org.hibernate.SQL - 
    alter table if exists employees 
       drop constraint if exists UKj9xgmd0ya5jmus09o0b8pqrpb
2026-05-29 08:56:27 [restartedMain] WARN  o.h.e.jdbc.spi.SqlExceptionHelper - SQL Warning Code: 0, SQLState: 00000
2026-05-29 08:56:27 [restartedMain] WARN  o.h.e.jdbc.spi.SqlExceptionHelper - constraint "ukj9xgmd0ya5jmus09o0b8pqrpb" of relation "employees" does not exist, skipping
2026-05-29 08:56:27 [restartedMain] DEBUG org.hibernate.SQL - 
    alter table if exists employees 
       add constraint UKj9xgmd0ya5jmus09o0b8pqrpb unique (email)
2026-05-29 08:56:27 [restartedMain] DEBUG org.hibernate.SQL - 
    alter table if exists employees 
       drop constraint if exists UKetqhw9qqnad1kyjq3ks1glw8x
2026-05-29 08:56:27 [restartedMain] WARN  o.h.e.jdbc.spi.SqlExceptionHelper - SQL Warning Code: 0, SQLState: 00000
2026-05-29 08:56:27 [restartedMain] WARN  o.h.e.jdbc.spi.SqlExceptionHelper - constraint "uketqhw9qqnad1kyjq3ks1glw8x" of relation "employees" does not exist, skipping
2026-05-29 08:56:27 [restartedMain] DEBUG org.hibernate.SQL - 
    alter table if exists employees 
       add constraint UKetqhw9qqnad1kyjq3ks1glw8x unique (employee_code)
2026-05-29 08:56:27 [restartedMain] DEBUG org.hibernate.SQL - 
    alter table if exists employees 
       drop constraint if exists UKj2dmgsma6pont6kf7nic9elpd
2026-05-29 08:56:27 [restartedMain] WARN  o.h.e.jdbc.spi.SqlExceptionHelper - SQL Warning Code: 0, SQLState: 00000
2026-05-29 08:56:27 [restartedMain] WARN  o.h.e.jdbc.spi.SqlExceptionHelper - constraint "ukj2dmgsma6pont6kf7nic9elpd" of relation "employees" does not exist, skipping
2026-05-29 08:56:27 [restartedMain] DEBUG org.hibernate.SQL - 
    alter table if exists employees 
       add constraint UKj2dmgsma6pont6kf7nic9elpd unique (user_id)
2026-05-29 08:56:27 [restartedMain] DEBUG org.hibernate.SQL - 
    create index idx_employment_employee 
       on employments (employee_id)
2026-05-29 08:56:27 [restartedMain] DEBUG org.hibernate.SQL - 
    alter table if exists employments 
       drop constraint if exists UKcpqqfxxkijtphyy2sde67tclx
2026-05-29 08:56:27 [restartedMain] WARN  o.h.e.jdbc.spi.SqlExceptionHelper - SQL Warning Code: 0, SQLState: 00000
2026-05-29 08:56:27 [restartedMain] WARN  o.h.e.jdbc.spi.SqlExceptionHelper - constraint "ukcpqqfxxkijtphyy2sde67tclx" of relation "employments" does not exist, skipping
2026-05-29 08:56:27 [restartedMain] DEBUG org.hibernate.SQL - 
    alter table if exists employments 
       add constraint UKcpqqfxxkijtphyy2sde67tclx unique (employee_id)
2026-05-29 08:56:27 [restartedMain] DEBUG org.hibernate.SQL - 
    create index idx_message_employee 
       on messages (employee_id)
2026-05-29 08:56:27 [restartedMain] DEBUG org.hibernate.SQL - 
    create index idx_message_created 
       on messages (created_at)
2026-05-29 08:56:27 [restartedMain] DEBUG org.hibernate.SQL - 
    create index idx_payroll_month_year 
       on payrolls (month, year)
2026-05-29 08:56:27 [restartedMain] DEBUG org.hibernate.SQL - 
    create index idx_payroll_status 
       on payrolls (status)
2026-05-29 08:56:27 [restartedMain] DEBUG org.hibernate.SQL - 
    alter table if exists payrolls 
       drop constraint if exists UKj0f5gyknar3wxwhi2yqetbqm0
2026-05-29 08:56:27 [restartedMain] WARN  o.h.e.jdbc.spi.SqlExceptionHelper - SQL Warning Code: 0, SQLState: 00000
2026-05-29 08:56:27 [restartedMain] WARN  o.h.e.jdbc.spi.SqlExceptionHelper - constraint "ukj0f5gyknar3wxwhi2yqetbqm0" of relation "payrolls" does not exist, skipping
2026-05-29 08:56:27 [restartedMain] DEBUG org.hibernate.SQL - 
    alter table if exists payrolls 
       add constraint UKj0f5gyknar3wxwhi2yqetbqm0 unique (month, year)
2026-05-29 08:56:27 [restartedMain] DEBUG org.hibernate.SQL - 
    create index idx_payslip_employee 
       on payslips (employee_id)
2026-05-29 08:56:27 [restartedMain] DEBUG org.hibernate.SQL - 
    create index idx_payslip_payroll 
       on payslips (payroll_id)
2026-05-29 08:56:27 [restartedMain] DEBUG org.hibernate.SQL - 
    create index idx_payslip_payment_status 
       on payslips (payment_status)
2026-05-29 08:56:27 [restartedMain] DEBUG org.hibernate.SQL - 
    alter table if exists roles 
       drop constraint if exists UKofx66keruapi6vyqpv6f2or37
2026-05-29 08:56:27 [restartedMain] WARN  o.h.e.jdbc.spi.SqlExceptionHelper - SQL Warning Code: 0, SQLState: 00000
2026-05-29 08:56:27 [restartedMain] WARN  o.h.e.jdbc.spi.SqlExceptionHelper - constraint "ukofx66keruapi6vyqpv6f2or37" of relation "roles" does not exist, skipping
2026-05-29 08:56:27 [restartedMain] DEBUG org.hibernate.SQL - 
    alter table if exists roles 
       add constraint UKofx66keruapi6vyqpv6f2or37 unique (name)
2026-05-29 08:56:27 [restartedMain] DEBUG org.hibernate.SQL - 
    create index idx_user_email 
       on users (email)
2026-05-29 08:56:27 [restartedMain] DEBUG org.hibernate.SQL - 
    create index idx_user_enabled 
       on users (enabled)
2026-05-29 08:56:27 [restartedMain] DEBUG org.hibernate.SQL - 
    alter table if exists users 
       drop constraint if exists UK6dotkott2kjsp8vw4d0m25fb7
2026-05-29 08:56:27 [restartedMain] WARN  o.h.e.jdbc.spi.SqlExceptionHelper - SQL Warning Code: 0, SQLState: 00000
2026-05-29 08:56:27 [restartedMain] WARN  o.h.e.jdbc.spi.SqlExceptionHelper - constraint "uk6dotkott2kjsp8vw4d0m25fb7" of relation "users" does not exist, skipping
2026-05-29 08:56:27 [restartedMain] DEBUG org.hibernate.SQL - 
    alter table if exists users 
       add constraint UK6dotkott2kjsp8vw4d0m25fb7 unique (email)
2026-05-29 08:56:27 [restartedMain] DEBUG org.hibernate.SQL - 
    alter table if exists employees 
       add constraint FK69x3vjuy1t5p18a5llb8h2fjx 
       foreign key (user_id) 
       references users
2026-05-29 08:56:27 [restartedMain] DEBUG org.hibernate.SQL - 
    alter table if exists employments 
       add constraint FKd0t2nvcnyco5o5kj188l4fsql 
       foreign key (employee_id) 
       references employees
2026-05-29 08:56:27 [restartedMain] DEBUG org.hibernate.SQL - 
    alter table if exists messages 
       add constraint FK1q671yj3ssisaipaue47bgvdc 
       foreign key (employee_id) 
       references employees
2026-05-29 08:56:27 [restartedMain] DEBUG org.hibernate.SQL - 
    alter table if exists payslips 
       add constraint FKi2u90djkfkqooebb9b26gxqmi 
       foreign key (employee_id) 
       references employees
2026-05-29 08:56:27 [restartedMain] DEBUG org.hibernate.SQL - 
    alter table if exists payslips 
       add constraint FKmrdjc78nxis2fyi0oy4ssf18j 
       foreign key (payroll_id) 
       references payrolls
2026-05-29 08:56:27 [restartedMain] DEBUG org.hibernate.SQL - 
    alter table if exists user_roles 
       add constraint FKh8ciramu9cc9q3qcqiv4ue8a6 
       foreign key (role_id) 
       references roles
2026-05-29 08:56:27 [restartedMain] DEBUG org.hibernate.SQL - 
    alter table if exists user_roles 
       add constraint FKhfh9dx7w3ubf1co1vdev94g3f 
       foreign key (user_id) 
       references users
2026-05-29 08:56:27 [restartedMain] INFO  o.s.o.j.LocalContainerEntityManagerFactoryBean - Initialized JPA EntityManagerFactory for persistence unit 'default'
2026-05-29 08:56:27 [restartedMain] INFO  o.s.d.j.r.query.QueryEnhancerFactory - Hibernate is in classpath; If applicable, HQL parser will be used.
2026-05-29 08:56:27 [restartedMain] DEBUG c.g.p.s.JwtAuthenticationFilter - Filter 'jwtAuthenticationFilter' configured for use
2026-05-29 08:56:27 [restartedMain] INFO  o.s.s.c.a.a.c.InitializeAuthenticationProviderBeanManagerConfigurer$InitializeAuthenticationProviderManagerConfigurer - Global AuthenticationManager configured with AuthenticationProvider bean with name authenticationProvider
2026-05-29 08:56:27 [restartedMain] WARN  o.s.s.c.a.a.c.InitializeUserDetailsBeanManagerConfigurer$InitializeUserDetailsManagerConfigurer - Global AuthenticationManager configured with an AuthenticationProvider bean. UserDetailsService beans will not be used for username/password login. Consider removing the AuthenticationProvider bean. Alternatively, consider using the UserDetailsService in a manually instantiated DaoAuthenticationProvider.
2026-05-29 08:56:28 [restartedMain] INFO  o.s.s.web.DefaultSecurityFilterChain - Will secure any request with [org.springframework.security.web.session.DisableEncodeUrlFilter@15cdc9e6, org.springframework.security.web.context.request.async.WebAsyncManagerIntegrationFilter@5881784d, org.springframework.security.web.context.SecurityContextHolderFilter@66f49bd7, org.springframework.security.web.header.HeaderWriterFilter@79054aab, org.springframework.web.filter.CorsFilter@24415e5b, org.springframework.web.filter.CorsFilter@3ac83295, org.springframework.security.web.authentication.logout.LogoutFilter@339108f0, com.government.payroll.security.JwtAuthenticationFilter@2e5072c5, org.springframework.security.web.savedrequest.RequestCacheAwareFilter@1c50b61c, org.springframework.security.web.servletapi.SecurityContextHolderAwareRequestFilter@2f357138, org.springframework.security.web.authentication.AnonymousAuthenticationFilter@41314ed3, org.springframework.security.web.session.SessionManagementFilter@1a0178eb, org.springframework.security.web.access.ExceptionTranslationFilter@4ccdff0b, org.springframework.security.web.access.intercept.AuthorizationFilter@4c103220]
2026-05-29 08:56:28 [restartedMain] INFO  o.s.b.d.a.OptionalLiveReloadServer - LiveReload server is running on port 35729
2026-05-29 08:56:28 [restartedMain] INFO  o.s.b.w.e.tomcat.TomcatWebServer - Tomcat started on port 8080 (http) with context path '/'
2026-05-29 08:56:28 [restartedMain] INFO  c.g.payroll.PayrollErpApplication - Started PayrollErpApplication in 4.701 seconds (process running for 4.928)
2026-05-29 08:56:52 [http-nio-8080-exec-1] INFO  o.a.c.c.C.[Tomcat].[localhost].[/] - Initializing Spring DispatcherServlet 'dispatcherServlet'
2026-05-29 08:56:52 [http-nio-8080-exec-1] INFO  o.s.web.servlet.DispatcherServlet - Initializing Servlet 'dispatcherServlet'
2026-05-29 08:56:52 [http-nio-8080-exec-1] INFO  o.s.web.servlet.DispatcherServlet - Completed initialization in 1 ms
2026-05-29 08:56:52 [http-nio-8080-exec-1] DEBUG o.s.security.web.FilterChainProxy - Securing GET /api-docs
2026-05-29 08:56:52 [http-nio-8080-exec-1] DEBUG o.s.s.w.a.AnonymousAuthenticationFilter - Set SecurityContextHolder to anonymous SecurityContext
2026-05-29 08:56:52 [http-nio-8080-exec-1] DEBUG o.s.security.web.FilterChainProxy - Secured GET /api-docs
2026-05-29 08:56:52 [http-nio-8080-exec-1] INFO  o.s.api.AbstractOpenApiResource - Init duration for springdoc-openapi is: 436 ms
2026-05-29 08:56:53 [http-nio-8080-exec-2] DEBUG o.s.security.web.FilterChainProxy - Securing GET /favicon.ico
2026-05-29 08:56:53 [http-nio-8080-exec-2] DEBUG o.s.s.w.a.AnonymousAuthenticationFilter - Set SecurityContextHolder to anonymous SecurityContext
2026-05-29 08:56:53 [http-nio-8080-exec-2] DEBUG o.s.s.w.a.Http403ForbiddenEntryPoint - Pre-authenticated entry point called. Rejecting access
2026-05-29 08:56:53 [http-nio-8080-exec-2] DEBUG o.s.security.web.FilterChainProxy - Securing GET /error
2026-05-29 08:56:53 [http-nio-8080-exec-2] DEBUG o.s.s.w.a.AnonymousAuthenticationFilter - Set SecurityContextHolder to anonymous SecurityContext
2026-05-29 08:56:53 [http-nio-8080-exec-2] DEBUG o.s.s.w.a.Http403ForbiddenEntryPoint - Pre-authenticated entry point called. Rejecting access
2026-05-29 08:57:20 [http-nio-8080-exec-3] DEBUG o.s.security.web.FilterChainProxy - Securing GET /swagger-ui.html
2026-05-29 08:57:20 [http-nio-8080-exec-3] DEBUG o.s.s.w.a.AnonymousAuthenticationFilter - Set SecurityContextHolder to anonymous SecurityContext
2026-05-29 08:57:20 [http-nio-8080-exec-3] DEBUG o.s.security.web.FilterChainProxy - Secured GET /swagger-ui.html
2026-05-29 08:57:20 [http-nio-8080-exec-4] DEBUG o.s.security.web.FilterChainProxy - Securing GET /swagger-ui/index.html
2026-05-29 08:57:20 [http-nio-8080-exec-4] DEBUG o.s.s.w.a.AnonymousAuthenticationFilter - Set SecurityContextHolder to anonymous SecurityContext
2026-05-29 08:57:20 [http-nio-8080-exec-4] DEBUG o.s.security.web.FilterChainProxy - Secured GET /swagger-ui/index.html
2026-05-29 08:57:20 [http-nio-8080-exec-5] DEBUG o.s.security.web.FilterChainProxy - Securing GET /swagger-ui/swagger-ui.css
2026-05-29 08:57:20 [http-nio-8080-exec-5] DEBUG o.s.s.w.a.AnonymousAuthenticationFilter - Set SecurityContextHolder to anonymous SecurityContext
2026-05-29 08:57:20 [http-nio-8080-exec-5] DEBUG o.s.security.web.FilterChainProxy - Secured GET /swagger-ui/swagger-ui.css
2026-05-29 08:57:20 [http-nio-8080-exec-6] DEBUG o.s.security.web.FilterChainProxy - Securing GET /swagger-ui/index.css
2026-05-29 08:57:20 [http-nio-8080-exec-9] DEBUG o.s.security.web.FilterChainProxy - Securing GET /swagger-ui/swagger-initializer.js
2026-05-29 08:57:20 [http-nio-8080-exec-7] DEBUG o.s.security.web.FilterChainProxy - Securing GET /swagger-ui/swagger-ui-bundle.js
2026-05-29 08:57:20 [http-nio-8080-exec-9] DEBUG o.s.s.w.a.AnonymousAuthenticationFilter - Set SecurityContextHolder to anonymous SecurityContext
2026-05-29 08:57:20 [http-nio-8080-exec-7] DEBUG o.s.s.w.a.AnonymousAuthenticationFilter - Set SecurityContextHolder to anonymous SecurityContext
2026-05-29 08:57:20 [http-nio-8080-exec-8] DEBUG o.s.security.web.FilterChainProxy - Securing GET /swagger-ui/swagger-ui-standalone-preset.js
2026-05-29 08:57:20 [http-nio-8080-exec-9] DEBUG o.s.security.web.FilterChainProxy - Secured GET /swagger-ui/swagger-initializer.js
2026-05-29 08:57:20 [http-nio-8080-exec-7] DEBUG o.s.security.web.FilterChainProxy - Secured GET /swagger-ui/swagger-ui-bundle.js
2026-05-29 08:57:20 [http-nio-8080-exec-6] DEBUG o.s.s.w.a.AnonymousAuthenticationFilter - Set SecurityContextHolder to anonymous SecurityContext
2026-05-29 08:57:20 [http-nio-8080-exec-8] DEBUG o.s.s.w.a.AnonymousAuthenticationFilter - Set SecurityContextHolder to anonymous SecurityContext
2026-05-29 08:57:20 [http-nio-8080-exec-6] DEBUG o.s.security.web.FilterChainProxy - Secured GET /swagger-ui/index.css
2026-05-29 08:57:20 [http-nio-8080-exec-8] DEBUG o.s.security.web.FilterChainProxy - Secured GET /swagger-ui/swagger-ui-standalone-preset.js
2026-05-29 08:57:20 [http-nio-8080-exec-10] DEBUG o.s.security.web.FilterChainProxy - Securing GET /api-docs/swagger-config
2026-05-29 08:57:20 [http-nio-8080-exec-10] DEBUG o.s.s.w.a.AnonymousAuthenticationFilter - Set SecurityContextHolder to anonymous SecurityContext
2026-05-29 08:57:20 [http-nio-8080-exec-10] DEBUG o.s.security.web.FilterChainProxy - Secured GET /api-docs/swagger-config
2026-05-29 08:57:20 [http-nio-8080-exec-1] DEBUG o.s.security.web.FilterChainProxy - Securing GET /swagger-ui/favicon-32x32.png
2026-05-29 08:57:20 [http-nio-8080-exec-1] DEBUG o.s.s.w.a.AnonymousAuthenticationFilter - Set SecurityContextHolder to anonymous SecurityContext
2026-05-29 08:57:20 [http-nio-8080-exec-1] DEBUG o.s.security.web.FilterChainProxy - Secured GET /swagger-ui/favicon-32x32.png
2026-05-29 08:57:20 [http-nio-8080-exec-2] DEBUG o.s.security.web.FilterChainProxy - Securing GET /api-docs
2026-05-29 08:57:20 [http-nio-8080-exec-2] DEBUG o.s.s.w.a.AnonymousAuthenticationFilter - Set SecurityContextHolder to anonymous SecurityContext
2026-05-29 08:57:20 [http-nio-8080-exec-2] DEBUG o.s.security.web.FilterChainProxy - Secured GET /api-docs
